<?xml version="1.0" encoding="UTF-8"?>
<!-- Generated by org.testng.reporters.JUnitReportReporter -->
<testsuite hostname="Rohan" failures="0" tests="1" name="testNGParallelClassesExecution.Class2" time="42.215" errors="0" timestamp="2022-02-23T10:08:26 IST" skipped="0">
  <testcase classname="testNGParallelClassesExecution.Class2" name="test1" time="42.215"/>
  <system-out/>
</testsuite> <!-- testNGParallelClassesExecution.Class2 -->
