<?xml version="1.0" encoding="UTF-8"?>
<!-- Generated by org.testng.reporters.JUnitReportReporter -->
<testsuite hostname="Rohan" failures="0" tests="2" name="TestNG.TestNGReadDataFromXML" time="10.782" errors="0" timestamp="2022-02-23T09:46:47 IST" skipped="0">
  <testcase classname="TestNG.TestNGReadDataFromXML" name="OpenBrowser" time="6.955"/>
  <system-out/>
  <testcase classname="TestNG.TestNGReadDataFromXML" name="OpenBrowser" time="3.827"/>
  <system-out/>
</testsuite> <!-- TestNG.TestNGReadDataFromXML -->
