<?xml version="1.0" encoding="UTF-8"?>
<!-- Generated by org.testng.reporters.JUnitReportReporter -->
<testsuite hostname="Rohan" failures="0" tests="2" name="testNGParallelMethodExecution.ParallelMethodExecution" time="0.016" errors="0" timestamp="2022-02-24T08:55:52 IST" skipped="0">
  <testcase classname="testNGParallelMethodExecution.ParallelMethodExecution" name="method2" time="0.008"/>
  <system-out>
    <![CDATA[method2
19]]>
  </system-out>
  <testcase classname="testNGParallelMethodExecution.ParallelMethodExecution" name="method1" time="0.008"/>
  <system-out>
    <![CDATA[method1
18]]>
  </system-out>
</testsuite> <!-- testNGParallelMethodExecution.ParallelMethodExecution -->
