<?xml version="1.0" encoding="UTF-8"?>
<!-- Generated by org.testng.reporters.JUnitReportReporter -->
<testsuite hostname="Rohan" failures="0" tests="5" name="testNG1.NewTest" time="60.826" errors="0" timestamp="2022-02-25T09:04:23 IST" skipped="0">
  <testcase classname="testNG1.NewTest" name="testOrangeHRM" time="12.804"/>
  <system-out/>
  <testcase classname="testNG1.NewTest" name="testOrangeHRM" time="14.634"/>
  <system-out/>
  <testcase classname="testNG1.NewTest" name="testOrangeHRM" time="11.483"/>
  <system-out/>
  <testcase classname="testNG1.NewTest" name="testOrangeHRM" time="10.580"/>
  <system-out/>
  <testcase classname="testNG1.NewTest" name="testOrangeHRM" time="11.325"/>
  <system-out/>
</testsuite> <!-- testNG1.NewTest -->
