<?xml version="1.0" encoding="UTF-8"?>
<!-- Generated by org.testng.reporters.JUnitReportReporter -->
<testsuite hostname="Rohan" failures="0" tests="1" name="TestNG.TestNGSequence" time="0.005" errors="0" timestamp="2022-02-23T08:44:43 IST" skipped="0">
  <testcase classname="TestNG.TestNGSequence" name="testScript1" time="0.005"/>
  <system-out>
    <![CDATA[Test Script 1]]>
  </system-out>
</testsuite> <!-- TestNG.TestNGSequence -->
