<?xml version="1.0" encoding="UTF-8"?>
<!-- Generated by org.testng.reporters.JUnitReportReporter -->
<testsuite hostname="Rohan" failures="0" tests="1" name="TestNG.Sumo" time="0.001" errors="0" timestamp="2022-02-19T12:03:47 IST" skipped="0">
  <testcase classname="TestNG.Sumo" name="c" time="0.001"/>
  <system-out>
    <![CDATA[Sumo Class]]>
  </system-out>
</testsuite> <!-- TestNG.Sumo -->
