<?xml version="1.0" encoding="UTF-8"?>
<!-- Generated by org.testng.reporters.JUnitReportReporter -->
<testsuite hostname="Rohan" failures="0" tests="1" name="TestNG.Remo" time="0.002" errors="0" timestamp="2022-02-19T12:03:47 IST" skipped="0">
  <testcase classname="TestNG.Remo" name="b" time="0.002"/>
  <system-out>
    <![CDATA[Remo Class]]>
  </system-out>
</testsuite> <!-- TestNG.Remo -->
