<?xml version="1.0" encoding="UTF-8"?>
<!-- Generated by org.testng.reporters.JUnitReportReporter -->
<testsuite hostname="Rohan" failures="0" tests="1" name="testNGFramework.ValidLogin" time="7.371" errors="0" timestamp="2022-02-23T09:17:46 IST" skipped="0">
  <testcase classname="testNGFramework.ValidLogin" name="validLogin" time="7.371"/>
  <system-out/>
</testsuite> <!-- testNGFramework.ValidLogin -->
