<?xml version="1.0" encoding="UTF-8"?>
<!-- Generated by org.testng.reporters.JUnitReportReporter -->
<testsuite hostname="Rohan" failures="0" tests="2" name="testNGFlags.Flag6" time="0.011" errors="0" timestamp="2022-02-19T11:38:10 IST" skipped="1">
  <testcase classname="testNGFlags.Flag6" name="g" time="0.011"/>
  <system-out>
    <![CDATA[Test Case Got Executed]]>
  </system-out>
  <testcase classname="testNGFlags.Flag6" name="f">
    <skipped/>
  </testcase> <!-- f -->
  <system-out/>
</testsuite> <!-- testNGFlags.Flag6 -->
