<?xml version="1.0" encoding="UTF-8"?>
<!-- Generated by org.testng.reporters.JUnitReportReporter -->
<testsuite hostname="Rohan" failures="0" tests="9" name="TestNG.NewId" time="0.014" errors="0" timestamp="2022-02-18T12:42:50 IST" skipped="0">
  <testcase classname="TestNG.NewId" name="h" time="0.007"/>
  <system-out>
    <![CDATA[h method]]>
  </system-out>
  <testcase classname="TestNG.NewId" name="b" time="0.001"/>
  <system-out>
    <![CDATA[b method]]>
  </system-out>
  <testcase classname="TestNG.NewId" name="c" time="0.001"/>
  <system-out>
    <![CDATA[c method]]>
  </system-out>
  <testcase classname="TestNG.NewId" name="x" time="0.001"/>
  <system-out>
    <![CDATA[x method]]>
  </system-out>
  <testcase classname="TestNG.NewId" name="j" time="0.001"/>
  <system-out>
    <![CDATA[j method]]>
  </system-out>
  <testcase classname="TestNG.NewId" name="w" time="0.001"/>
  <system-out>
    <![CDATA[w method]]>
  </system-out>
  <testcase classname="TestNG.NewId" name="q" time="0.001"/>
  <system-out>
    <![CDATA[q method]]>
  </system-out>
  <testcase classname="TestNG.NewId" name="g" time="0.000"/>
  <system-out>
    <![CDATA[g method]]>
  </system-out>
  <testcase classname="TestNG.NewId" name="p" time="0.001"/>
  <system-out>
    <![CDATA[p method]]>
  </system-out>
</testsuite> <!-- TestNG.NewId -->
