<?xml version="1.0" encoding="UTF-8"?>
<!-- Generated by org.testng.reporters.JUnitReportReporter -->
<testsuite hostname="Rohan" failures="0" tests="12" name="testNGFlags.Flag7" time="0.025" errors="0" timestamp="2022-02-19T12:01:57 IST" skipped="0">
  <testcase classname="testNGFlags.Flag7" name="ft2" time="0.002"/>
  <system-out>
    <![CDATA[Functional Test Case 2]]>
  </system-out>
  <testcase classname="testNGFlags.Flag7" name="ft6" time="0.002"/>
  <system-out>
    <![CDATA[Functional Test Case 6]]>
  </system-out>
  <testcase classname="testNGFlags.Flag7" name="ft1" time="0.007"/>
  <system-out>
    <![CDATA[Functional Test Case 1]]>
  </system-out>
  <testcase classname="testNGFlags.Flag7" name="st2" time="0.001"/>
  <system-out>
    <![CDATA[Smoke Test Case 2]]>
  </system-out>
  <testcase classname="testNGFlags.Flag7" name="st3" time="0.001"/>
  <system-out>
    <![CDATA[Smoke Test Case 3]]>
  </system-out>
  <testcase classname="testNGFlags.Flag7" name="st4" time="0.003"/>
  <system-out>
    <![CDATA[Smoke Test Case 4]]>
  </system-out>
  <testcase classname="testNGFlags.Flag7" name="st6" time="0.001"/>
  <system-out>
    <![CDATA[Smoke Test Case 6]]>
  </system-out>
  <testcase classname="testNGFlags.Flag7" name="ft5" time="0.001"/>
  <system-out>
    <![CDATA[Functional Test Case 5]]>
  </system-out>
  <testcase classname="testNGFlags.Flag7" name="st5" time="0.005"/>
  <system-out>
    <![CDATA[Smoke Test Case 5]]>
  </system-out>
  <testcase classname="testNGFlags.Flag7" name="st1" time="0.001"/>
  <system-out>
    <![CDATA[Smoke Test Case 1]]>
  </system-out>
  <testcase classname="testNGFlags.Flag7" name="ft3" time="0.000"/>
  <system-out>
    <![CDATA[Functional Test Case 3]]>
  </system-out>
  <testcase classname="testNGFlags.Flag7" name="ft4" time="0.001"/>
  <system-out>
    <![CDATA[Functional Test Case 4]]>
  </system-out>
</testsuite> <!-- testNGFlags.Flag7 -->
