<?xml version="1.0" encoding="UTF-8"?>
<!-- Generated by org.testng.reporters.JUnitReportReporter -->
<testsuite hostname="Rohan" failures="0" tests="1" name="testNGParallelClassesExecution.Class3" time="39.634" errors="0" timestamp="2022-02-23T10:08:26 IST" skipped="0">
  <testcase classname="testNGParallelClassesExecution.Class3" name="test1" time="39.634"/>
  <system-out/>
</testsuite> <!-- testNGParallelClassesExecution.Class3 -->
