<?xml version="1.0" encoding="UTF-8"?>
<!-- Generated by org.testng.reporters.JUnitReportReporter -->
<testsuite hostname="Rohan" failures="0" tests="1" name="TestNG.Demo" time="0.006" errors="0" timestamp="2022-02-19T12:03:47 IST" skipped="0">
  <testcase classname="TestNG.Demo" name="a" time="0.006"/>
  <system-out>
    <![CDATA[Demo Class]]>
  </system-out>
</testsuite> <!-- TestNG.Demo -->
