<?xml version="1.0" encoding="UTF-8"?>
<!-- Generated by org.testng.reporters.JUnitReportReporter -->
<testsuite hostname="Rohan" failures="0" tests="1" name="TestNG.Flag2" time="0.008" errors="0" timestamp="2022-02-19T09:29:02 IST" skipped="0">
  <testcase classname="TestNG.Flag2" name="login" time="0.008"/>
  <system-out>
    <![CDATA[Login is Successful]]>
  </system-out>
</testsuite> <!-- TestNG.Flag2 -->
