<?xml version="1.0" encoding="UTF-8"?>
<!-- Generated by org.testng.reporters.JUnitReportReporter -->
<testsuite hostname="Rohan" failures="0" tests="6" name="TestNG.Flag7" time="0.011" errors="0" timestamp="2022-02-19T10:09:17 IST" skipped="0">
  <testcase classname="TestNG.Flag7" name="st2" time="0.002"/>
  <system-out>
    <![CDATA[Smoke Test Case 2]]>
  </system-out>
  <testcase classname="TestNG.Flag7" name="st6" time="0.001"/>
  <system-out>
    <![CDATA[Smoke Test Case 6]]>
  </system-out>
  <testcase classname="TestNG.Flag7" name="st1" time="0.007"/>
  <system-out>
    <![CDATA[Smoke Test Case 1]]>
  </system-out>
  <testcase classname="TestNG.Flag7" name="st5" time="0.001"/>
  <system-out>
    <![CDATA[Smoke Test Case 5]]>
  </system-out>
  <testcase classname="TestNG.Flag7" name="st3" time="0.000"/>
  <system-out>
    <![CDATA[Smoke Test Case 3]]>
  </system-out>
  <testcase classname="TestNG.Flag7" name="st4" time="0.000"/>
  <system-out>
    <![CDATA[Smoke Test Case 4]]>
  </system-out>
</testsuite> <!-- TestNG.Flag7 -->
