<?xml version="1.0" encoding="UTF-8"?>
<!-- Generated by org.testng.reporters.JUnitReportReporter -->
<testsuite hostname="Rohan" failures="0" tests="2" name="TestNG.Flag4" time="0.010" errors="0" timestamp="2022-02-19T09:37:07 IST" skipped="0">
  <testcase classname="TestNG.Flag4" name="logout" time="0.001"/>
  <system-out>
    <![CDATA[Logout feature]]>
  </system-out>
  <testcase classname="TestNG.Flag4" name="signin" time="0.009"/>
  <system-out>
    <![CDATA[Login feature]]>
  </system-out>
</testsuite> <!-- TestNG.Flag4 -->
