<?xml version="1.0" encoding="UTF-8"?>
<!-- Generated by org.testng.reporters.JUnitReportReporter -->
<testsuite hostname="Rohan" failures="0" tests="3" name="TestNG.LoginLogoutWithMin" time="0.011" errors="0" timestamp="2022-02-18T12:39:22 IST" skipped="0">
  <testcase classname="TestNG.LoginLogoutWithMin" name="login" time="0.009"/>
  <system-out>
    <![CDATA[login]]>
  </system-out>
  <testcase classname="TestNG.LoginLogoutWithMin" name="createUser" time="0.001"/>
  <system-out>
    <![CDATA[Create users]]>
  </system-out>
  <testcase classname="TestNG.LoginLogoutWithMin" name="logout" time="0.001"/>
  <system-out>
    <![CDATA[logout]]>
  </system-out>
</testsuite> <!-- TestNG.LoginLogoutWithMin -->
