<?xml version="1.0" encoding="UTF-8"?>
<!-- Generated by org.testng.reporters.JUnitReportReporter -->
<testsuite hostname="Rohan" failures="0" tests="49" name="TestNG.Flag3" time="0.046" errors="0" timestamp="2022-02-19T09:32:02 IST" skipped="0">
  <testcase classname="TestNG.Flag3" name="login" time="0.001"/>
  <system-out>
    <![CDATA[Generates the inconsistant bug]]>
  </system-out>
  <testcase classname="TestNG.Flag3" name="login" time="0.000"/>
  <system-out>
    <![CDATA[Generates the inconsistant bug]]>
  </system-out>
  <testcase classname="TestNG.Flag3" name="login" time="0.001"/>
  <system-out>
    <![CDATA[Generates the inconsistant bug]]>
  </system-out>
  <testcase classname="TestNG.Flag3" name="login" time="0.000"/>
  <system-out>
    <![CDATA[Generates the inconsistant bug]]>
  </system-out>
  <testcase classname="TestNG.Flag3" name="login" time="0.001"/>
  <system-out>
    <![CDATA[Generates the inconsistant bug]]>
  </system-out>
  <testcase classname="TestNG.Flag3" name="login" time="0.001"/>
  <system-out>
    <![CDATA[Generates the inconsistant bug]]>
  </system-out>
  <testcase classname="TestNG.Flag3" name="login" time="0.001"/>
  <system-out>
    <![CDATA[Generates the inconsistant bug]]>
  </system-out>
  <testcase classname="TestNG.Flag3" name="login" time="0.008"/>
  <system-out>
    <![CDATA[Generates the inconsistant bug]]>
  </system-out>
  <testcase classname="TestNG.Flag3" name="login" time="0.001"/>
  <system-out>
    <![CDATA[Generates the inconsistant bug]]>
  </system-out>
  <testcase classname="TestNG.Flag3" name="login" time="0.001"/>
  <system-out>
    <![CDATA[Generates the inconsistant bug]]>
  </system-out>
  <testcase classname="TestNG.Flag3" name="login" time="0.001"/>
  <system-out>
    <![CDATA[Generates the inconsistant bug]]>
  </system-out>
  <testcase classname="TestNG.Flag3" name="login" time="0.000"/>
  <system-out>
    <![CDATA[Generates the inconsistant bug]]>
  </system-out>
  <testcase classname="TestNG.Flag3" name="login" time="0.001"/>
  <system-out>
    <![CDATA[Generates the inconsistant bug]]>
  </system-out>
  <testcase classname="TestNG.Flag3" name="login" time="0.001"/>
  <system-out>
    <![CDATA[Generates the inconsistant bug]]>
  </system-out>
  <testcase classname="TestNG.Flag3" name="login" time="0.001"/>
  <system-out>
    <![CDATA[Generates the inconsistant bug]]>
  </system-out>
  <testcase classname="TestNG.Flag3" name="login" time="0.000"/>
  <system-out>
    <![CDATA[Generates the inconsistant bug]]>
  </system-out>
  <testcase classname="TestNG.Flag3" name="login" time="0.001"/>
  <system-out>
    <![CDATA[Generates the inconsistant bug]]>
  </system-out>
  <testcase classname="TestNG.Flag3" name="login" time="0.000"/>
  <system-out>
    <![CDATA[Generates the inconsistant bug]]>
  </system-out>
  <testcase classname="TestNG.Flag3" name="login" time="0.001"/>
  <system-out>
    <![CDATA[Generates the inconsistant bug]]>
  </system-out>
  <testcase classname="TestNG.Flag3" name="login" time="0.001"/>
  <system-out>
    <![CDATA[Generates the inconsistant bug]]>
  </system-out>
  <testcase classname="TestNG.Flag3" name="login" time="0.001"/>
  <system-out>
    <![CDATA[Generates the inconsistant bug]]>
  </system-out>
  <testcase classname="TestNG.Flag3" name="login" time="0.000"/>
  <system-out>
    <![CDATA[Generates the inconsistant bug]]>
  </system-out>
  <testcase classname="TestNG.Flag3" name="login" time="0.000"/>
  <system-out>
    <![CDATA[Generates the inconsistant bug]]>
  </system-out>
  <testcase classname="TestNG.Flag3" name="login" time="0.000"/>
  <system-out>
    <![CDATA[Generates the inconsistant bug]]>
  </system-out>
  <testcase classname="TestNG.Flag3" name="login" time="0.001"/>
  <system-out>
    <![CDATA[Generates the inconsistant bug]]>
  </system-out>
  <testcase classname="TestNG.Flag3" name="login" time="0.001"/>
  <system-out>
    <![CDATA[Generates the inconsistant bug]]>
  </system-out>
  <testcase classname="TestNG.Flag3" name="login" time="0.001"/>
  <system-out>
    <![CDATA[Generates the inconsistant bug]]>
  </system-out>
  <testcase classname="TestNG.Flag3" name="login" time="0.001"/>
  <system-out>
    <![CDATA[Generates the inconsistant bug]]>
  </system-out>
  <testcase classname="TestNG.Flag3" name="login" time="0.002"/>
  <system-out>
    <![CDATA[Generates the inconsistant bug]]>
  </system-out>
  <testcase classname="TestNG.Flag3" name="login" time="0.000"/>
  <system-out>
    <![CDATA[Generates the inconsistant bug]]>
  </system-out>
  <testcase classname="TestNG.Flag3" name="login" time="0.001"/>
  <system-out>
    <![CDATA[Generates the inconsistant bug]]>
  </system-out>
  <testcase classname="TestNG.Flag3" name="login" time="0.000"/>
  <system-out>
    <![CDATA[Generates the inconsistant bug]]>
  </system-out>
  <testcase classname="TestNG.Flag3" name="login" time="0.001"/>
  <system-out>
    <![CDATA[Generates the inconsistant bug]]>
  </system-out>
  <testcase classname="TestNG.Flag3" name="login" time="0.000"/>
  <system-out>
    <![CDATA[Generates the inconsistant bug]]>
  </system-out>
  <testcase classname="TestNG.Flag3" name="login" time="0.001"/>
  <system-out>
    <![CDATA[Generates the inconsistant bug]]>
  </system-out>
  <testcase classname="TestNG.Flag3" name="login" time="0.001"/>
  <system-out>
    <![CDATA[Generates the inconsistant bug]]>
  </system-out>
  <testcase classname="TestNG.Flag3" name="login" time="0.000"/>
  <system-out>
    <![CDATA[Generates the inconsistant bug]]>
  </system-out>
  <testcase classname="TestNG.Flag3" name="login" time="0.001"/>
  <system-out>
    <![CDATA[Generates the inconsistant bug]]>
  </system-out>
  <testcase classname="TestNG.Flag3" name="login" time="0.006"/>
  <system-out>
    <![CDATA[Generates the inconsistant bug]]>
  </system-out>
  <testcase classname="TestNG.Flag3" name="login" time="0.000"/>
  <system-out>
    <![CDATA[Generates the inconsistant bug]]>
  </system-out>
  <testcase classname="TestNG.Flag3" name="login" time="0.001"/>
  <system-out>
    <![CDATA[Generates the inconsistant bug]]>
  </system-out>
  <testcase classname="TestNG.Flag3" name="login" time="0.001"/>
  <system-out>
    <![CDATA[Generates the inconsistant bug]]>
  </system-out>
  <testcase classname="TestNG.Flag3" name="login" time="0.000"/>
  <system-out>
    <![CDATA[Generates the inconsistant bug]]>
  </system-out>
  <testcase classname="TestNG.Flag3" name="login" time="0.000"/>
  <system-out>
    <![CDATA[Generates the inconsistant bug]]>
  </system-out>
  <testcase classname="TestNG.Flag3" name="login" time="0.001"/>
  <system-out>
    <![CDATA[Generates the inconsistant bug]]>
  </system-out>
  <testcase classname="TestNG.Flag3" name="login" time="0.001"/>
  <system-out>
    <![CDATA[Generates the inconsistant bug]]>
  </system-out>
  <testcase classname="TestNG.Flag3" name="login" time="0.000"/>
  <system-out>
    <![CDATA[Generates the inconsistant bug]]>
  </system-out>
  <testcase classname="TestNG.Flag3" name="login" time="0.001"/>
  <system-out>
    <![CDATA[Generates the inconsistant bug]]>
  </system-out>
  <testcase classname="TestNG.Flag3" name="login" time="0.001"/>
  <system-out>
    <![CDATA[Generates the inconsistant bug]]>
  </system-out>
</testsuite> <!-- TestNG.Flag3 -->
